Analysis & Synthesis report for Projeto
Fri Dec 01 15:53:10 2017
Quartus II 64-Bit Version 13.0.1 Build 232 06/12/2013 Service Pack 1 SJ Web Edition


---------------------
; Table of Contents ;
---------------------
  1. Legal Notice
  2. Analysis & Synthesis Summary
  3. Analysis & Synthesis Settings
  4. Parallel Compilation
  5. Analysis & Synthesis Source Files Read
  6. Analysis & Synthesis Resource Usage Summary
  7. Analysis & Synthesis Resource Utilization by Entity
  8. Registers Removed During Synthesis
  9. General Register Statistics
 10. Inverted Register Statistics
 11. Multiplexer Restructuring Statistics (Restructuring Performed)
 12. Elapsed Time Per Partition
 13. Analysis & Synthesis Messages



----------------
; Legal Notice ;
----------------
Copyright (C) 1991-2013 Altera Corporation
Your use of Altera Corporation's design tools, logic functions 
and other software and tools, and its AMPP partner logic 
functions, and any output files from any of the foregoing 
(including device programming or simulation files), and any 
associated documentation or information are expressly subject 
to the terms and conditions of the Altera Program License 
Subscription Agreement, Altera MegaCore Function License 
Agreement, or other applicable license agreement, including, 
without limitation, that your use is for the sole purpose of 
programming logic devices manufactured by Altera and sold by 
Altera or its authorized distributors.  Please refer to the 
applicable agreement for further details.



+--------------------------------------------------------------------------------------+
; Analysis & Synthesis Summary                                                         ;
+------------------------------------+-------------------------------------------------+
; Analysis & Synthesis Status        ; Successful - Fri Dec 01 15:53:10 2017           ;
; Quartus II 64-Bit Version          ; 13.0.1 Build 232 06/12/2013 SP 1 SJ Web Edition ;
; Revision Name                      ; Projeto                                         ;
; Top-level Entity Name              ; Projeto                                         ;
; Family                             ; Cyclone II                                      ;
; Total logic elements               ; 117                                             ;
;     Total combinational functions  ; 101                                             ;
;     Dedicated logic registers      ; 70                                              ;
; Total registers                    ; 70                                              ;
; Total pins                         ; 39                                              ;
; Total virtual pins                 ; 0                                               ;
; Total memory bits                  ; 0                                               ;
; Embedded Multiplier 9-bit elements ; 0                                               ;
; Total PLLs                         ; 0                                               ;
+------------------------------------+-------------------------------------------------+


+----------------------------------------------------------------------------------------------------------------------+
; Analysis & Synthesis Settings                                                                                        ;
+----------------------------------------------------------------------------+--------------------+--------------------+
; Option                                                                     ; Setting            ; Default Value      ;
+----------------------------------------------------------------------------+--------------------+--------------------+
; Device                                                                     ; EP2C35F672C6       ;                    ;
; Top-level entity name                                                      ; Projeto            ; Projeto            ;
; Family name                                                                ; Cyclone II         ; Cyclone IV GX      ;
; Use smart compilation                                                      ; Off                ; Off                ;
; Enable parallel Assembler and TimeQuest Timing Analyzer during compilation ; On                 ; On                 ;
; Enable compact report table                                                ; Off                ; Off                ;
; Restructure Multiplexers                                                   ; Auto               ; Auto               ;
; Create Debugging Nodes for IP Cores                                        ; Off                ; Off                ;
; Preserve fewer node names                                                  ; On                 ; On                 ;
; Disable OpenCore Plus hardware evaluation                                  ; Off                ; Off                ;
; Verilog Version                                                            ; Verilog_2001       ; Verilog_2001       ;
; VHDL Version                                                               ; VHDL_1993          ; VHDL_1993          ;
; State Machine Processing                                                   ; Auto               ; Auto               ;
; Safe State Machine                                                         ; Off                ; Off                ;
; Extract Verilog State Machines                                             ; On                 ; On                 ;
; Extract VHDL State Machines                                                ; On                 ; On                 ;
; Ignore Verilog initial constructs                                          ; Off                ; Off                ;
; Iteration limit for constant Verilog loops                                 ; 5000               ; 5000               ;
; Iteration limit for non-constant Verilog loops                             ; 250                ; 250                ;
; Add Pass-Through Logic to Inferred RAMs                                    ; On                 ; On                 ;
; Infer RAMs from Raw Logic                                                  ; On                 ; On                 ;
; Parallel Synthesis                                                         ; On                 ; On                 ;
; DSP Block Balancing                                                        ; Auto               ; Auto               ;
; NOT Gate Push-Back                                                         ; On                 ; On                 ;
; Power-Up Don't Care                                                        ; On                 ; On                 ;
; Remove Redundant Logic Cells                                               ; Off                ; Off                ;
; Remove Duplicate Registers                                                 ; On                 ; On                 ;
; Ignore CARRY Buffers                                                       ; Off                ; Off                ;
; Ignore CASCADE Buffers                                                     ; Off                ; Off                ;
; Ignore GLOBAL Buffers                                                      ; Off                ; Off                ;
; Ignore ROW GLOBAL Buffers                                                  ; Off                ; Off                ;
; Ignore LCELL Buffers                                                       ; Off                ; Off                ;
; Ignore SOFT Buffers                                                        ; On                 ; On                 ;
; Limit AHDL Integers to 32 Bits                                             ; Off                ; Off                ;
; Optimization Technique                                                     ; Balanced           ; Balanced           ;
; Carry Chain Length                                                         ; 70                 ; 70                 ;
; Auto Carry Chains                                                          ; On                 ; On                 ;
; Auto Open-Drain Pins                                                       ; On                 ; On                 ;
; Perform WYSIWYG Primitive Resynthesis                                      ; Off                ; Off                ;
; Auto ROM Replacement                                                       ; On                 ; On                 ;
; Auto RAM Replacement                                                       ; On                 ; On                 ;
; Auto Shift Register Replacement                                            ; Auto               ; Auto               ;
; Allow Shift Register Merging across Hierarchies                            ; Auto               ; Auto               ;
; Auto Clock Enable Replacement                                              ; On                 ; On                 ;
; Strict RAM Replacement                                                     ; Off                ; Off                ;
; Allow Synchronous Control Signals                                          ; On                 ; On                 ;
; Force Use of Synchronous Clear Signals                                     ; Off                ; Off                ;
; Auto RAM to Logic Cell Conversion                                          ; Off                ; Off                ;
; Auto Resource Sharing                                                      ; Off                ; Off                ;
; Allow Any RAM Size For Recognition                                         ; Off                ; Off                ;
; Allow Any ROM Size For Recognition                                         ; Off                ; Off                ;
; Allow Any Shift Register Size For Recognition                              ; Off                ; Off                ;
; Use LogicLock Constraints during Resource Balancing                        ; On                 ; On                 ;
; Ignore translate_off and synthesis_off directives                          ; Off                ; Off                ;
; Timing-Driven Synthesis                                                    ; Off                ; Off                ;
; Report Parameter Settings                                                  ; On                 ; On                 ;
; Report Source Assignments                                                  ; On                 ; On                 ;
; Report Connectivity Checks                                                 ; On                 ; On                 ;
; Ignore Maximum Fan-Out Assignments                                         ; Off                ; Off                ;
; Synchronization Register Chain Length                                      ; 2                  ; 2                  ;
; PowerPlay Power Optimization                                               ; Normal compilation ; Normal compilation ;
; HDL message level                                                          ; Level2             ; Level2             ;
; Suppress Register Optimization Related Messages                            ; Off                ; Off                ;
; Number of Removed Registers Reported in Synthesis Report                   ; 5000               ; 5000               ;
; Number of Swept Nodes Reported in Synthesis Report                         ; 5000               ; 5000               ;
; Number of Inverted Registers Reported in Synthesis Report                  ; 100                ; 100                ;
; Clock MUX Protection                                                       ; On                 ; On                 ;
; Auto Gated Clock Conversion                                                ; Off                ; Off                ;
; Block Design Naming                                                        ; Auto               ; Auto               ;
; SDC constraint protection                                                  ; Off                ; Off                ;
; Synthesis Effort                                                           ; Auto               ; Auto               ;
; Shift Register Replacement - Allow Asynchronous Clear Signal               ; On                 ; On                 ;
; Pre-Mapping Resynthesis Optimization                                       ; Off                ; Off                ;
; Analysis & Synthesis Message Level                                         ; Medium             ; Medium             ;
; Disable Register Merging Across Hierarchies                                ; Auto               ; Auto               ;
; Resource Aware Inference For Block RAM                                     ; On                 ; On                 ;
; Synthesis Seed                                                             ; 1                  ; 1                  ;
+----------------------------------------------------------------------------+--------------------+--------------------+


Parallel compilation was disabled, but you have multiple processors available. Enable parallel compilation to reduce compilation time.
+-------------------------------------+
; Parallel Compilation                ;
+----------------------------+--------+
; Processors                 ; Number ;
+----------------------------+--------+
; Number detected on machine ; 4      ;
; Maximum allowed            ; 1      ;
+----------------------------+--------+


+----------------------------------------------------------------------------------------------------------------------------------------------------------------------------+
; Analysis & Synthesis Source Files Read                                                                                                                                     ;
+----------------------------------+-----------------+------------------------------------+------------------------------------------------------------------------+---------+
; File Name with User-Entered Path ; Used in Netlist ; File Type                          ; File Name with Absolute Path                                           ; Library ;
+----------------------------------+-----------------+------------------------------------+------------------------------------------------------------------------+---------+
; ContadorTiro.bdf                 ; yes             ; User Block Diagram/Schematic File  ; C:/Users/Mônica Accioli/Desktop/CD/Projeto final/ContadorTiro.bdf      ;         ;
; FRandom.bdf                      ; yes             ; User Block Diagram/Schematic File  ; C:/Users/Mônica Accioli/Desktop/CD/Projeto final/FRandom.bdf           ;         ;
; ControleCol.bdf                  ; yes             ; User Block Diagram/Schematic File  ; C:/Users/Mônica Accioli/Desktop/CD/Projeto final/ControleCol.bdf       ;         ;
; ControleLin.bdf                  ; yes             ; User Block Diagram/Schematic File  ; C:/Users/Mônica Accioli/Desktop/CD/Projeto final/ControleLin.bdf       ;         ;
; Projeto.bdf                      ; yes             ; User Block Diagram/Schematic File  ; C:/Users/Mônica Accioli/Desktop/CD/Projeto final/Projeto.bdf           ;         ;
; Mux3-8.bdf                       ; yes             ; User Block Diagram/Schematic File  ; C:/Users/Mônica Accioli/Desktop/CD/Projeto final/Mux3-8.bdf            ;         ;
; CodificadorPriori.bdf            ; yes             ; User Block Diagram/Schematic File  ; C:/Users/Mônica Accioli/Desktop/CD/Projeto final/CodificadorPriori.bdf ;         ;
; Fdiv.v                           ; yes             ; User Verilog HDL File              ; C:/Users/Mônica Accioli/Desktop/CD/Projeto final/Fdiv.v                ;         ;
; Pn.bdf                           ; yes             ; User Block Diagram/Schematic File  ; C:/Users/Mônica Accioli/Desktop/CD/Projeto final/Pn.bdf                ;         ;
; ContadorNave.bdf                 ; yes             ; User Block Diagram/Schematic File  ; C:/Users/Mônica Accioli/Desktop/CD/Projeto final/ContadorNave.bdf      ;         ;
; ContadorIt.bdf                   ; yes             ; User Block Diagram/Schematic File  ; C:/Users/Mônica Accioli/Desktop/CD/Projeto final/ContadorIt.bdf        ;         ;
; Mux3-8V2.bdf                     ; yes             ; User Block Diagram/Schematic File  ; C:/Users/Mônica Accioli/Desktop/CD/Projeto final/Mux3-8V2.bdf          ;         ;
+----------------------------------+-----------------+------------------------------------+------------------------------------------------------------------------+---------+


+--------------------------------------------------------+
; Analysis & Synthesis Resource Usage Summary            ;
+---------------------------------------------+----------+
; Resource                                    ; Usage    ;
+---------------------------------------------+----------+
; Estimated Total logic elements              ; 117      ;
;                                             ;          ;
; Total combinational functions               ; 101      ;
; Logic element usage by number of LUT inputs ;          ;
;     -- 4 input functions                    ; 44       ;
;     -- 3 input functions                    ; 12       ;
;     -- <=2 input functions                  ; 45       ;
;                                             ;          ;
; Logic elements by mode                      ;          ;
;     -- normal mode                          ; 70       ;
;     -- arithmetic mode                      ; 31       ;
;                                             ;          ;
; Total registers                             ; 70       ;
;     -- Dedicated logic registers            ; 70       ;
;     -- I/O registers                        ; 0        ;
;                                             ;          ;
; I/O pins                                    ; 39       ;
; Embedded Multiplier 9-bit elements          ; 0        ;
; Maximum fan-out node                        ; CLOCK_50 ;
; Maximum fan-out                             ; 56       ;
; Total fan-out                               ; 506      ;
; Average fan-out                             ; 2.41     ;
+---------------------------------------------+----------+


+----------------------------------------------------------------------------------------------------------------------------------------------------------------------------------------------------------------+
; Analysis & Synthesis Resource Utilization by Entity                                                                                                                                                            ;
+---------------------------------+-------------------+--------------+-------------+--------------+---------+-----------+------+--------------+---------------------------------------------------+--------------+
; Compilation Hierarchy Node      ; LC Combinationals ; LC Registers ; Memory Bits ; DSP Elements ; DSP 9x9 ; DSP 18x18 ; Pins ; Virtual Pins ; Full Hierarchy Name                               ; Library Name ;
+---------------------------------+-------------------+--------------+-------------+--------------+---------+-----------+------+--------------+---------------------------------------------------+--------------+
; |Projeto                        ; 101 (3)           ; 70 (0)       ; 0           ; 0            ; 0       ; 0         ; 39   ; 0            ; |Projeto                                          ; work         ;
;    |ContadorIt:inst29|          ; 5 (5)             ; 3 (3)        ; 0           ; 0            ; 0       ; 0         ; 0    ; 0            ; |Projeto|ContadorIt:inst29                        ; work         ;
;    |ContadorNave:inst13|        ; 5 (5)             ; 3 (3)        ; 0           ; 0            ; 0       ; 0         ; 0    ; 0            ; |Projeto|ContadorNave:inst13                      ; work         ;
;    |ContadorTiro:inst26|        ; 5 (5)             ; 4 (4)        ; 0           ; 0            ; 0       ; 0         ; 0    ; 0            ; |Projeto|ContadorTiro:inst26                      ; work         ;
;    |ControleCol:inst|           ; 24 (9)            ; 17 (9)       ; 0           ; 0            ; 0       ; 0         ; 0    ; 0            ; |Projeto|ControleCol:inst                         ; work         ;
;       |CodificadorPriori:inst1| ; 6 (6)             ; 0 (0)        ; 0           ; 0            ; 0       ; 0         ; 0    ; 0            ; |Projeto|ControleCol:inst|CodificadorPriori:inst1 ; work         ;
;       |Mux3-8V2:inst2|          ; 9 (9)             ; 8 (8)        ; 0           ; 0            ; 0       ; 0         ; 0    ; 0            ; |Projeto|ControleCol:inst|Mux3-8V2:inst2          ; work         ;
;    |ControleLin:inst12|         ; 11 (3)            ; 0 (0)        ; 0           ; 0            ; 0       ; 0         ; 0    ; 0            ; |Projeto|ControleLin:inst12                       ; work         ;
;       |Mux3-8:inst5|            ; 8 (8)             ; 0 (0)        ; 0           ; 0            ; 0       ; 0         ; 0    ; 0            ; |Projeto|ControleLin:inst12|Mux3-8:inst5          ; work         ;
;    |FRandom:inst1|              ; 4 (4)             ; 10 (10)      ; 0           ; 0            ; 0       ; 0         ; 0    ; 0            ; |Projeto|FRandom:inst1                            ; work         ;
;    |fdiv:inst11|                ; 44 (44)           ; 33 (33)      ; 0           ; 0            ; 0       ; 0         ; 0    ; 0            ; |Projeto|fdiv:inst11                              ; work         ;
+---------------------------------+-------------------+--------------+-------------+--------------+---------+-----------+------+--------------+---------------------------------------------------+--------------+
Note: For table entries with two numbers listed, the numbers in parentheses indicate the number of resources of the given type used by the specific entity alone. The numbers listed outside of parentheses indicate the total resources of the given type used by the specific entity and all of its sub-entities in the hierarchy.


+--------------------------------------------------------------------------------------+
; Registers Removed During Synthesis                                                   ;
+----------------------------------------+---------------------------------------------+
; Register name                          ; Reason for Removal                          ;
+----------------------------------------+---------------------------------------------+
; FRandom:inst1|B8                       ; Merged with FRandom:inst1|inst328[7]        ;
; FRandom:inst1|B7                       ; Merged with FRandom:inst1|inst328[6]        ;
; FRandom:inst1|B6                       ; Merged with FRandom:inst1|inst328[5]        ;
; FRandom:inst1|B5                       ; Merged with FRandom:inst1|inst328[4]        ;
; FRandom:inst1|B4                       ; Merged with FRandom:inst1|inst328[3]        ;
; FRandom:inst1|B3                       ; Merged with FRandom:inst1|inst328[2]        ;
; FRandom:inst1|B2                       ; Merged with FRandom:inst1|inst328[1]        ;
; FRandom:inst1|B1                       ; Merged with FRandom:inst1|inst328[0]        ;
; ControleCol:inst|inst93                ; Merged with ControleCol:inst|inst91         ;
; ControleCol:inst|inst94                ; Merged with ControleCol:inst|inst91         ;
; ControleLin:inst12|inst64              ; Merged with ControleCol:inst|inst91         ;
; ControleLin:inst12|inst65              ; Merged with ControleCol:inst|inst91         ;
; ControleCol:inst|inst95                ; Merged with ControleCol:inst|inst91         ;
; ControleCol:inst|inst90                ; Merged with ControleCol:inst|inst91         ;
; ControleCol:inst|inst92                ; Merged with ControleCol:inst|inst91         ;
; ControleCol:inst|inst96                ; Merged with ControleCol:inst|inst91         ;
; ControleLin:inst12|inst66              ; Merged with ControleCol:inst|inst91         ;
; ControleCol:inst|inst89                ; Merged with ControleCol:inst|inst91         ;
; inst23                                 ; Stuck at GND due to stuck port data_in      ;
; fdiv:inst11|buz                        ; Stuck at GND due to stuck port clock_enable ;
; fdiv:inst11|lvl[2..31]                 ; Merged with fdiv:inst11|lvl[1]              ;
; fdiv:inst11|lvl[0]                     ; Stuck at VCC due to stuck port data_in      ;
; fdiv:inst11|lvl[1]                     ; Stuck at GND due to stuck port data_in      ;
; Total Number of Removed Registers = 52 ;                                             ;
+----------------------------------------+---------------------------------------------+


+------------------------------------------------------+
; General Register Statistics                          ;
+----------------------------------------------+-------+
; Statistic                                    ; Value ;
+----------------------------------------------+-------+
; Total registers                              ; 70    ;
; Number of registers using Synchronous Clear  ; 32    ;
; Number of registers using Synchronous Load   ; 0     ;
; Number of registers using Asynchronous Clear ; 10    ;
; Number of registers using Asynchronous Load  ; 0     ;
; Number of registers using Clock Enable       ; 0     ;
; Number of registers using Preset             ; 0     ;
+----------------------------------------------+-------+


+--------------------------------------------------+
; Inverted Register Statistics                     ;
+----------------------------------------+---------+
; Inverted Register                      ; Fan out ;
+----------------------------------------+---------+
; ContadorNave:inst13|inst2              ; 5       ;
; ContadorNave:inst13|inst               ; 7       ;
; ContadorNave:inst13|inst1              ; 6       ;
; Total number of inverted registers = 3 ;         ;
+----------------------------------------+---------+


+------------------------------------------------------------------------------------------------------------------------------------------------+
; Multiplexer Restructuring Statistics (Restructuring Performed)                                                                                 ;
+--------------------+-----------+---------------+----------------------+------------------------+------------+----------------------------------+
; Multiplexer Inputs ; Bus Width ; Baseline Area ; Area if Restructured ; Saving if Restructured ; Registered ; Example Multiplexer Output       ;
+--------------------+-----------+---------------+----------------------+------------------------+------------+----------------------------------+
; 17:1               ; 32 bits   ; 352 LEs       ; 32 LEs               ; 320 LEs                ; Yes        ; |Projeto|fdiv:inst11|cont[1]     ;
; 10:1               ; 31 bits   ; 186 LEs       ; 31 LEs               ; 155 LEs                ; Yes        ; |Projeto|fdiv:inst11|lvl[21]     ;
; 3:1                ; 8 bits    ; 16 LEs        ; 8 LEs                ; 8 LEs                  ; No         ; |Projeto|ControleCol:inst|inst48 ;
+--------------------+-----------+---------------+----------------------+------------------------+------------+----------------------------------+


+-------------------------------+
; Elapsed Time Per Partition    ;
+----------------+--------------+
; Partition Name ; Elapsed Time ;
+----------------+--------------+
; Top            ; 00:00:00     ;
+----------------+--------------+


+-------------------------------+
; Analysis & Synthesis Messages ;
+-------------------------------+
Info: *******************************************************************
Info: Running Quartus II 64-Bit Analysis & Synthesis
    Info: Version 13.0.1 Build 232 06/12/2013 Service Pack 1 SJ Web Edition
    Info: Processing started: Fri Dec 01 15:53:08 2017
Info: Command: quartus_map --read_settings_files=on --write_settings_files=off Projeto -c Projeto
Warning (20028): Parallel compilation is not licensed and has been disabled
Info (12021): Found 1 design units, including 1 entities, in source file contadortiro.bdf
    Info (12023): Found entity 1: ContadorTiro
Info (12021): Found 1 design units, including 1 entities, in source file frandom.bdf
    Info (12023): Found entity 1: FRandom
Info (12021): Found 1 design units, including 1 entities, in source file controlecol.bdf
    Info (12023): Found entity 1: ControleCol
Info (12021): Found 1 design units, including 1 entities, in source file controlelin.bdf
    Info (12023): Found entity 1: ControleLin
Info (12021): Found 1 design units, including 1 entities, in source file projeto.bdf
    Info (12023): Found entity 1: Projeto
Info (12021): Found 1 design units, including 1 entities, in source file mux3-8.bdf
    Info (12023): Found entity 1: Mux3-8
Info (12021): Found 1 design units, including 1 entities, in source file codificadorpriori.bdf
    Info (12023): Found entity 1: CodificadorPriori
Info (12021): Found 1 design units, including 1 entities, in source file controlematriz.bdf
    Info (12023): Found entity 1: ControleMatriz
Info (12021): Found 1 design units, including 1 entities, in source file fdiv.v
    Info (12023): Found entity 1: fdiv
Info (12021): Found 1 design units, including 1 entities, in source file pn.bdf
    Info (12023): Found entity 1: Pn
Info (12021): Found 1 design units, including 1 entities, in source file contadornave.bdf
    Info (12023): Found entity 1: ContadorNave
Info (12021): Found 1 design units, including 1 entities, in source file contadorit.bdf
    Info (12023): Found entity 1: ContadorIt
Info (12021): Found 1 design units, including 1 entities, in source file mux3-8v2.bdf
    Info (12023): Found entity 1: Mux3-8V2
Info (12127): Elaborating entity "Projeto" for the top level hierarchy
Warning (275011): Block or symbol "NOT" of instance "inst43" overlaps another block or symbol
Warning (275011): Block or symbol "NOT" of instance "inst45" overlaps another block or symbol
Warning (275011): Block or symbol "NOT" of instance "inst49" overlaps another block or symbol
Info (12128): Elaborating entity "ControleLin" for hierarchy "ControleLin:inst12"
Info (12128): Elaborating entity "Mux3-8" for hierarchy "ControleLin:inst12|Mux3-8:inst5"
Info (12128): Elaborating entity "Pn" for hierarchy "Pn:inst21"
Info (12128): Elaborating entity "fdiv" for hierarchy "fdiv:inst11"
Info (12128): Elaborating entity "ContadorNave" for hierarchy "ContadorNave:inst13"
Info (12128): Elaborating entity "ContadorIt" for hierarchy "ContadorIt:inst29"
Info (12128): Elaborating entity "ContadorTiro" for hierarchy "ContadorTiro:inst26"
Info (12128): Elaborating entity "ControleCol" for hierarchy "ControleCol:inst"
Info (12128): Elaborating entity "Mux3-8V2" for hierarchy "ControleCol:inst|Mux3-8V2:inst2"
Info (12128): Elaborating entity "CodificadorPriori" for hierarchy "ControleCol:inst|CodificadorPriori:inst1"
Info (12128): Elaborating entity "FRandom" for hierarchy "FRandom:inst1"
Info (13000): Registers with preset signals will power-up high
Info (13003): DEV_CLRn pin will set, and not reset, register with preset signal due to NOT Gate Push-Back
Warning (13024): Output pins are stuck at VCC or GND
    Warning (13410): Pin "GPIO_1[15]" is stuck at GND
    Warning (13410): Pin "GPIO_1[14]" is stuck at GND
Info (16010): Generating hard_block partition "hard_block:auto_generated_inst"
    Info (16011): Adding 0 node(s), including 0 DDIO, 0 PLL, 0 transceiver and 0 LCELL
Info (21057): Implemented 156 device resources after synthesis - the final resource count might be different
    Info (21058): Implemented 11 input pins
    Info (21059): Implemented 28 output pins
    Info (21061): Implemented 117 logic cells
Info: Quartus II 64-Bit Analysis & Synthesis was successful. 0 errors, 7 warnings
    Info: Peak virtual memory: 478 megabytes
    Info: Processing ended: Fri Dec 01 15:53:10 2017
    Info: Elapsed time: 00:00:02
    Info: Total CPU time (on all processors): 00:00:02


